  Light.cpp
  Shader.cpp
C:\Users\okeja\Desktop\Personal Projects\LearningOpenGL\Project\OpenGLCourseApp\Shader.cpp(106,38): warning C4477: 'snprintf' : format string '%d' requires an argument of type 'int', but variadic argument 1 has type 'size_t'
C:\Users\okeja\Desktop\Personal Projects\LearningOpenGL\Project\OpenGLCourseApp\Shader.cpp(106,38): message : consider using '%zd' in the format string
C:\Users\okeja\Desktop\Personal Projects\LearningOpenGL\Project\OpenGLCourseApp\Shader.cpp(109,38): warning C4477: 'snprintf' : format string '%d' requires an argument of type 'int', but variadic argument 1 has type 'size_t'
C:\Users\okeja\Desktop\Personal Projects\LearningOpenGL\Project\OpenGLCourseApp\Shader.cpp(109,38): message : consider using '%zd' in the format string
C:\Users\okeja\Desktop\Personal Projects\LearningOpenGL\Project\OpenGLCourseApp\Shader.cpp(112,38): warning C4477: 'snprintf' : format string '%d' requires an argument of type 'int', but variadic argument 1 has type 'size_t'
C:\Users\okeja\Desktop\Personal Projects\LearningOpenGL\Project\OpenGLCourseApp\Shader.cpp(112,38): message : consider using '%zd' in the format string
C:\Users\okeja\Desktop\Personal Projects\LearningOpenGL\Project\OpenGLCourseApp\Shader.cpp(115,38): warning C4477: 'snprintf' : format string '%d' requires an argument of type 'int', but variadic argument 1 has type 'size_t'
C:\Users\okeja\Desktop\Personal Projects\LearningOpenGL\Project\OpenGLCourseApp\Shader.cpp(115,38): message : consider using '%zd' in the format string
C:\Users\okeja\Desktop\Personal Projects\LearningOpenGL\Project\OpenGLCourseApp\Shader.cpp(118,38): warning C4477: 'snprintf' : format string '%d' requires an argument of type 'int', but variadic argument 1 has type 'size_t'
C:\Users\okeja\Desktop\Personal Projects\LearningOpenGL\Project\OpenGLCourseApp\Shader.cpp(118,38): message : consider using '%zd' in the format string
C:\Users\okeja\Desktop\Personal Projects\LearningOpenGL\Project\OpenGLCourseApp\Shader.cpp(121,38): warning C4477: 'snprintf' : format string '%d' requires an argument of type 'int', but variadic argument 1 has type 'size_t'
C:\Users\okeja\Desktop\Personal Projects\LearningOpenGL\Project\OpenGLCourseApp\Shader.cpp(121,38): message : consider using '%zd' in the format string
C:\Users\okeja\Desktop\Personal Projects\LearningOpenGL\Project\OpenGLCourseApp\Shader.cpp(124,38): warning C4477: 'snprintf' : format string '%d' requires an argument of type 'int', but variadic argument 1 has type 'size_t'
C:\Users\okeja\Desktop\Personal Projects\LearningOpenGL\Project\OpenGLCourseApp\Shader.cpp(124,38): message : consider using '%zd' in the format string
C:\Users\okeja\Desktop\Personal Projects\LearningOpenGL\Project\OpenGLCourseApp\Shader.cpp(181,75): warning C4244: 'argument': conversion from 'GLuint' to 'GLfloat', possible loss of data
C:\Users\okeja\Desktop\Personal Projects\LearningOpenGL\Project\OpenGLCourseApp\Shader.cpp(181,26): warning C4244: 'argument': conversion from 'GLuint' to 'GLfloat', possible loss of data
C:\Users\okeja\Desktop\Personal Projects\LearningOpenGL\Project\OpenGLCourseApp\Shader.cpp(180,91): warning C4244: 'argument': conversion from 'GLuint' to 'GLfloat', possible loss of data
C:\Users\okeja\Desktop\Personal Projects\LearningOpenGL\Project\OpenGLCourseApp\Shader.cpp(180,42): warning C4244: 'argument': conversion from 'GLuint' to 'GLfloat', possible loss of data
C:\Users\okeja\Desktop\Personal Projects\LearningOpenGL\Project\OpenGLCourseApp\Shader.cpp(194,98): warning C4244: 'argument': conversion from 'GLuint' to 'GLfloat', possible loss of data
C:\Users\okeja\Desktop\Personal Projects\LearningOpenGL\Project\OpenGLCourseApp\Shader.cpp(194,62): warning C4244: 'argument': conversion from 'GLuint' to 'GLfloat', possible loss of data
C:\Users\okeja\Desktop\Personal Projects\LearningOpenGL\Project\OpenGLCourseApp\Shader.cpp(194,24): warning C4244: 'argument': conversion from 'GLuint' to 'GLfloat', possible loss of data
C:\Users\okeja\Desktop\Personal Projects\LearningOpenGL\Project\OpenGLCourseApp\Shader.cpp(193,70): warning C4244: 'argument': conversion from 'GLuint' to 'GLfloat', possible loss of data
C:\Users\okeja\Desktop\Personal Projects\LearningOpenGL\Project\OpenGLCourseApp\Shader.cpp(193,24): warning C4244: 'argument': conversion from 'GLuint' to 'GLfloat', possible loss of data
C:\Users\okeja\Desktop\Personal Projects\LearningOpenGL\Project\OpenGLCourseApp\Shader.cpp(192,88): warning C4244: 'argument': conversion from 'GLuint' to 'GLfloat', possible loss of data
C:\Users\okeja\Desktop\Personal Projects\LearningOpenGL\Project\OpenGLCourseApp\Shader.cpp(192,42): warning C4244: 'argument': conversion from 'GLuint' to 'GLfloat', possible loss of data
C:\Users\okeja\Desktop\Personal Projects\LearningOpenGL\Project\OpenGLCourseApp\Shader.cpp(224,36): warning C4267: '=': conversion from 'size_t' to 'GLint', possible loss of data
  main.cpp
C:\Users\okeja\Desktop\Personal Projects\LearningOpenGL\Project\OpenGLCourseApp\Window.h(17,10): warning C4244: 'return': conversion from 'GLint' to 'GLfloat', possible loss of data
C:\Users\okeja\Desktop\Personal Projects\LearningOpenGL\Project\OpenGLCourseApp\Window.h(22,10): warning C4244: 'return': conversion from 'GLint' to 'GLfloat', possible loss of data
C:\Users\okeja\Desktop\Personal Projects\LearningOpenGL\Project\OpenGLCourseApp\main.cpp(106,52): warning C4267: 'initializing': conversion from 'size_t' to 'unsigned int', possible loss of data
C:\Users\okeja\Desktop\Personal Projects\LearningOpenGL\Project\OpenGLCourseApp\main.cpp(253,15): warning C4244: 'initializing': conversion from 'double' to 'GLfloat', possible loss of data
  Generating Code...
DirectionalLight.obj : error LNK2019: unresolved external symbol __imp___glewUniform1f referenced in function "public: void __cdecl DirectionalLight::UseLight(float,float,float,float)" (?UseLight@DirectionalLight@@QEAAXMMMM@Z)
Material.obj : error LNK2001: unresolved external symbol __imp___glewUniform1f
PointLight.obj : error LNK2001: unresolved external symbol __imp___glewUniform1f
DirectionalLight.obj : error LNK2019: unresolved external symbol __imp___glewUniform3f referenced in function "public: void __cdecl DirectionalLight::UseLight(float,float,float,float)" (?UseLight@DirectionalLight@@QEAAXMMMM@Z)
main.obj : error LNK2001: unresolved external symbol __imp___glewUniform3f
PointLight.obj : error LNK2001: unresolved external symbol __imp___glewUniform3f
main.obj : error LNK2019: unresolved external symbol glfwWindowShouldClose referenced in function "public: bool __cdecl Window::getShouldClose(void)" (?getShouldClose@Window@@QEAA_NXZ)
main.obj : error LNK2019: unresolved external symbol glfwPollEvents referenced in function main
main.obj : error LNK2019: unresolved external symbol glfwGetTime referenced in function main
main.obj : error LNK2019: unresolved external symbol glfwSwapBuffers referenced in function "public: void __cdecl Window::swapBuffers(void)" (?swapBuffers@Window@@QEAAXXZ)
main.obj : error LNK2019: unresolved external symbol __imp___glewUniformMatrix4fv referenced in function main
main.obj : error LNK2019: unresolved external symbol __imp___glewUseProgram referenced in function main
Shader.obj : error LNK2001: unresolved external symbol __imp___glewUseProgram
Mesh.obj : error LNK2019: unresolved external symbol __imp___glewBindBuffer referenced in function "public: void __cdecl Mesh::CreateMesh(float *,unsigned int *,unsigned int,unsigned int)" (?CreateMesh@Mesh@@QEAAXPEAMPEAIII@Z)
Mesh.obj : error LNK2019: unresolved external symbol __imp___glewBufferData referenced in function "public: void __cdecl Mesh::CreateMesh(float *,unsigned int *,unsigned int,unsigned int)" (?CreateMesh@Mesh@@QEAAXPEAMPEAIII@Z)
Mesh.obj : error LNK2019: unresolved external symbol __imp___glewDeleteBuffers referenced in function "public: void __cdecl Mesh::ClearMesh(void)" (?ClearMesh@Mesh@@QEAAXXZ)
Mesh.obj : error LNK2019: unresolved external symbol __imp___glewGenBuffers referenced in function "public: void __cdecl Mesh::CreateMesh(float *,unsigned int *,unsigned int,unsigned int)" (?CreateMesh@Mesh@@QEAAXPEAMPEAIII@Z)
Mesh.obj : error LNK2019: unresolved external symbol __imp___glewEnableVertexAttribArray referenced in function "public: void __cdecl Mesh::CreateMesh(float *,unsigned int *,unsigned int,unsigned int)" (?CreateMesh@Mesh@@QEAAXPEAMPEAIII@Z)
Mesh.obj : error LNK2019: unresolved external symbol __imp___glewVertexAttribPointer referenced in function "public: void __cdecl Mesh::CreateMesh(float *,unsigned int *,unsigned int,unsigned int)" (?CreateMesh@Mesh@@QEAAXPEAMPEAIII@Z)
Mesh.obj : error LNK2019: unresolved external symbol __imp___glewBindVertexArray referenced in function "public: void __cdecl Mesh::CreateMesh(float *,unsigned int *,unsigned int,unsigned int)" (?CreateMesh@Mesh@@QEAAXPEAMPEAIII@Z)
Mesh.obj : error LNK2019: unresolved external symbol __imp___glewDeleteVertexArrays referenced in function "public: void __cdecl Mesh::ClearMesh(void)" (?ClearMesh@Mesh@@QEAAXXZ)
Mesh.obj : error LNK2019: unresolved external symbol __imp___glewGenVertexArrays referenced in function "public: void __cdecl Mesh::CreateMesh(float *,unsigned int *,unsigned int,unsigned int)" (?CreateMesh@Mesh@@QEAAXPEAMPEAIII@Z)
Shader.obj : error LNK2019: unresolved external symbol __imp___glewAttachShader referenced in function "private: void __cdecl Shader::AddShader(unsigned int,char const *,unsigned int)" (?AddShader@Shader@@AEAAXIPEBDI@Z)
Shader.obj : error LNK2019: unresolved external symbol __imp___glewCompileShader referenced in function "private: void __cdecl Shader::AddShader(unsigned int,char const *,unsigned int)" (?AddShader@Shader@@AEAAXIPEBDI@Z)
Shader.obj : error LNK2019: unresolved external symbol __imp___glewCreateProgram referenced in function "private: void __cdecl Shader::CompileShader(char const *,char const *)" (?CompileShader@Shader@@AEAAXPEBD0@Z)
Shader.obj : error LNK2019: unresolved external symbol __imp___glewCreateShader referenced in function "private: void __cdecl Shader::AddShader(unsigned int,char const *,unsigned int)" (?AddShader@Shader@@AEAAXIPEBDI@Z)
Shader.obj : error LNK2019: unresolved external symbol __imp___glewDeleteProgram referenced in function "public: void __cdecl Shader::ClearShader(void)" (?ClearShader@Shader@@QEAAXXZ)
Shader.obj : error LNK2019: unresolved external symbol __imp___glewGetProgramInfoLog referenced in function "private: void __cdecl Shader::CompileShader(char const *,char const *)" (?CompileShader@Shader@@AEAAXPEBD0@Z)
Shader.obj : error LNK2019: unresolved external symbol __imp___glewGetProgramiv referenced in function "private: void __cdecl Shader::CompileShader(char const *,char const *)" (?CompileShader@Shader@@AEAAXPEBD0@Z)
Shader.obj : error LNK2019: unresolved external symbol __imp___glewGetShaderInfoLog referenced in function "private: void __cdecl Shader::AddShader(unsigned int,char const *,unsigned int)" (?AddShader@Shader@@AEAAXIPEBDI@Z)
Shader.obj : error LNK2019: unresolved external symbol __imp___glewGetShaderiv referenced in function "private: void __cdecl Shader::AddShader(unsigned int,char const *,unsigned int)" (?AddShader@Shader@@AEAAXIPEBDI@Z)
Shader.obj : error LNK2019: unresolved external symbol __imp___glewGetUniformLocation referenced in function "private: void __cdecl Shader::CompileShader(char const *,char const *)" (?CompileShader@Shader@@AEAAXPEBD0@Z)
Shader.obj : error LNK2019: unresolved external symbol __imp___glewLinkProgram referenced in function "private: void __cdecl Shader::CompileShader(char const *,char const *)" (?CompileShader@Shader@@AEAAXPEBD0@Z)
Shader.obj : error LNK2019: unresolved external symbol __imp___glewShaderSource referenced in function "private: void __cdecl Shader::AddShader(unsigned int,char const *,unsigned int)" (?AddShader@Shader@@AEAAXIPEBDI@Z)
Shader.obj : error LNK2019: unresolved external symbol __imp___glewUniform1i referenced in function "public: void __cdecl Shader::SetPointLights(class PointLight *,unsigned int)" (?SetPointLights@Shader@@QEAAXPEAVPointLight@@I@Z)
Shader.obj : error LNK2019: unresolved external symbol __imp___glewValidateProgram referenced in function "private: void __cdecl Shader::CompileShader(char const *,char const *)" (?CompileShader@Shader@@AEAAXPEBD0@Z)
Texture.obj : error LNK2019: unresolved external symbol __imp___glewActiveTexture referenced in function "public: void __cdecl Texture::UseTexture(void)" (?UseTexture@Texture@@QEAAXXZ)
Texture.obj : error LNK2019: unresolved external symbol __imp___glewTextureParameteri referenced in function "public: void __cdecl Texture::LoadTexture(void)" (?LoadTexture@Texture@@QEAAXXZ)
Texture.obj : error LNK2019: unresolved external symbol __imp___glewGenerateMipmap referenced in function "public: void __cdecl Texture::LoadTexture(void)" (?LoadTexture@Texture@@QEAAXXZ)
Window.obj : error LNK2019: unresolved external symbol __imp_glewInit referenced in function "public: int __cdecl Window::Initialise(void)" (?Initialise@Window@@QEAAHXZ)
Window.obj : error LNK2019: unresolved external symbol glfwInit referenced in function "public: int __cdecl Window::Initialise(void)" (?Initialise@Window@@QEAAHXZ)
Window.obj : error LNK2019: unresolved external symbol glfwTerminate referenced in function "public: __cdecl Window::~Window(void)" (??1Window@@QEAA@XZ)
Window.obj : error LNK2019: unresolved external symbol glfwWindowHint referenced in function "public: int __cdecl Window::Initialise(void)" (?Initialise@Window@@QEAAHXZ)
Window.obj : error LNK2019: unresolved external symbol glfwCreateWindow referenced in function "public: int __cdecl Window::Initialise(void)" (?Initialise@Window@@QEAAHXZ)
Window.obj : error LNK2019: unresolved external symbol glfwDestroyWindow referenced in function "public: __cdecl Window::~Window(void)" (??1Window@@QEAA@XZ)
Window.obj : error LNK2019: unresolved external symbol glfwSetWindowShouldClose referenced in function "private: static void __cdecl Window::handlekeys(struct GLFWwindow *,int,int,int,int)" (?handlekeys@Window@@CAXPEAUGLFWwindow@@HHHH@Z)
Window.obj : error LNK2019: unresolved external symbol glfwGetFramebufferSize referenced in function "public: int __cdecl Window::Initialise(void)" (?Initialise@Window@@QEAAHXZ)
Window.obj : error LNK2019: unresolved external symbol glfwSetWindowUserPointer referenced in function "public: int __cdecl Window::Initialise(void)" (?Initialise@Window@@QEAAHXZ)
Window.obj : error LNK2019: unresolved external symbol glfwGetWindowUserPointer referenced in function "private: static void __cdecl Window::handleMouse(struct GLFWwindow *,double,double)" (?handleMouse@Window@@CAXPEAUGLFWwindow@@NN@Z)
Window.obj : error LNK2019: unresolved external symbol glfwSetInputMode referenced in function "public: int __cdecl Window::Initialise(void)" (?Initialise@Window@@QEAAHXZ)
Window.obj : error LNK2019: unresolved external symbol glfwSetKeyCallback referenced in function "private: void __cdecl Window::createCallbacks(void)" (?createCallbacks@Window@@AEAAXXZ)
Window.obj : error LNK2019: unresolved external symbol glfwSetCursorPosCallback referenced in function "private: void __cdecl Window::createCallbacks(void)" (?createCallbacks@Window@@AEAAXXZ)
Window.obj : error LNK2019: unresolved external symbol glfwMakeContextCurrent referenced in function "public: int __cdecl Window::Initialise(void)" (?Initialise@Window@@QEAAHXZ)
Window.obj : error LNK2019: unresolved external symbol __imp_glewExperimental referenced in function "public: int __cdecl Window::Initialise(void)" (?Initialise@Window@@QEAAHXZ)
C:\Users\okeja\Desktop\Personal Projects\LearningOpenGL\Project\OpenGLCourseApp\\..\..\External Libs\GLEW\lib\Release\Win32\glew32.lib : warning LNK4272: library machine type 'x86' conflicts with target machine type 'x64'
C:\Users\okeja\Desktop\Personal Projects\LearningOpenGL\Project\OpenGLCourseApp\\..\..\External Libs\GLFW\lib-vc2022\glfw3.lib : warning LNK4272: library machine type 'x86' conflicts with target machine type 'x64'
C:\Users\okeja\Desktop\Personal Projects\LearningOpenGL\Project\OpenGLCourseApp\x64\Debug\OpenGLCourseApp.exe : fatal error LNK1120: 49 unresolved externals
